[2016/6/15 - 21:11:45] Wayne_Jackson has changed DoorID: 1's custominterior
[2016/6/15 - 21:11:51] Wayne_Jackson has changed DoorID: 1's custominterior
[2016/6/22 - 18:55:8] Wayne_Jackson has changed DoorID: 1's mapicon
[2017/8/20 - 9:22:17] Wayne_Jackson has changed DoorID: 1's mapicon
[2017/8/20 - 9:22:24] Wayne_Jackson has changed DoorID: 1's mapicon
[2017/9/10 - 16:30:31] Wayne_Jackson has changed DoorID: 1's mapicon
[2017/9/10 - 16:30:36] Wayne_Jackson has changed DoorID: 1's mapicon
[2017/12/21 - 20:59:36] Wayne_Jackson has changed DoorID: 1's exterior
[2017/12/23 - 20:56:53] Wayne_Jackson has changed DoorID: 1's interior
[2017/12/23 - 20:56:59] Wayne_Jackson has changed DoorID: 1's interior
[2017/12/23 - 20:58:6] Wayne_Jackson has changed DoorID: 1's interior
[2017/12/23 - 21:0:14] Wayne_Jackson has changed DoorID: 2's interior
[2017/12/23 - 21:2:25] Wayne_Jackson has changed DoorID: 2's exterior
[2017/12/23 - 21:2:35] Wayne_Jackson has changed DoorID: 2's exterior
[2017/12/23 - 21:3:37] Wayne_Jackson has changed DoorID: 2's interior
[2017/12/23 - 21:4:44] Wayne_Jackson has changed DoorID: 1's interior
[2017/12/23 - 21:15:44] Wayne_Jackson has changed DoorID: 1's customoutside
[2017/12/23 - 21:15:46] Wayne_Jackson has changed DoorID: 1's customoutside
[2017/12/23 - 21:15:53] Wayne_Jackson has changed DoorID: 2's customoutside
[2017/12/23 - 21:15:56] Wayne_Jackson has changed DoorID: 1's customoutside
[2017/12/23 - 21:16:17] Wayne_Jackson has changed DoorID: 2's custominterior
[2017/12/26 - 20:51:9] Wayne_Jackson has changed DoorID: 2's custominterior
[2017/12/26 - 20:51:14] Wayne_Jackson has changed DoorID: 2's customoutside
[2017/12/26 - 20:56:28] Wayne_Jackson has changed DoorID: 2's custominterior
[2017/12/26 - 20:56:34] Wayne_Jackson has changed DoorID: 2's customoutside
[2017/12/26 - 21:0:2] Wayne_Jackson has changed DoorID: 2's custominterior
[2017/12/26 - 21:3:31] Wayne_Jackson has changed DoorID: 2's exterior
[2017/12/26 - 21:3:36] Wayne_Jackson has changed DoorID: 2's exterior
[2017/12/26 - 21:3:39] Wayne_Jackson has changed DoorID: 1's exterior
[2017/12/26 - 21:4:17] Wayne_Jackson has changed DoorID: 1's interior
[2017/12/26 - 21:7:22] Wayne_Jackson has changed DoorID: 2's exterior
[2017/12/26 - 21:7:43] Wayne_Jackson has changed DoorID: 2's interior
[2017/12/26 - 21:7:55] Wayne_Jackson has changed DoorID: 3's exterior
[2017/12/26 - 21:8:1] Wayne_Jackson has changed DoorID: 3's exterior
[2017/12/26 - 21:9:14] Wayne_Jackson has changed DoorID: 2's exterior
[2017/12/26 - 21:9:16] Wayne_Jackson has changed DoorID: 2's exterior
[2017/12/26 - 21:9:24] Wayne_Jackson has changed DoorID: 2's exterior
[2017/12/26 - 21:9:28] Wayne_Jackson has changed DoorID: 1's exterior
[2017/12/26 - 21:9:33] Wayne_Jackson has changed DoorID: 1's exterior
[2017/12/26 - 21:9:49] Wayne_Jackson has changed DoorID: 1's interior
[2017/12/26 - 21:10:9] Wayne_Jackson has changed DoorID: 3's exterior
[2017/12/26 - 21:10:59] Wayne_Jackson has changed DoorID: 3's interior
[2017/12/26 - 21:18:34] Wayne_Jackson has changed DoorID: 1's exterior
[2017/12/26 - 21:18:36] Wayne_Jackson has changed DoorID: 2's exterior
[2017/12/26 - 21:18:37] Wayne_Jackson has changed DoorID: 3's exterior
[2017/12/26 - 21:18:39] Wayne_Jackson has changed DoorID: 4's exterior
[2017/12/26 - 21:18:41] Wayne_Jackson has changed DoorID: 5's exterior
[2017/12/26 - 21:18:43] Wayne_Jackson has changed DoorID: 6's exterior
[2017/12/26 - 21:18:45] Wayne_Jackson has changed DoorID: 7's exterior
[2017/12/26 - 21:18:46] Wayne_Jackson has changed DoorID: 8's exterior
[2017/12/26 - 21:19:35] Wayne_Jackson has changed DoorID: 1's exterior
[2017/12/26 - 21:19:46] Wayne_Jackson has changed DoorID: 1's exterior
[2017/12/26 - 21:20:36] Wayne_Jackson has changed DoorID: 1's interior
[2017/12/26 - 21:21:23] Wayne_Jackson has changed DoorID: 2's exterior
[2017/12/26 - 21:21:48] Wayne_Jackson has changed DoorID: 2's interior
[2017/12/26 - 21:22:40] Wayne_Jackson has changed DoorID: 2's exterior
[2017/12/26 - 21:25:26] Wayne_Jackson has changed DoorID: 2's exterior
[2017/12/26 - 21:25:30] Wayne_Jackson has changed DoorID: 2's interior
[2017/12/26 - 21:49:12] Wayne_Jackson has changed DoorID: 2's exterior
[2017/12/26 - 21:50:42] Wayne_Jackson has changed DoorID: 2's interior
[2017/12/26 - 21:50:56] Wayne_Jackson has changed DoorID: 3's exterior
[2017/12/26 - 21:51:22] Wayne_Jackson has changed DoorID: 3's interior
[2017/12/26 - 21:51:35] Wayne_Jackson has changed DoorID: 2's custominterior
[2017/12/26 - 21:51:39] Wayne_Jackson has changed DoorID: 2's customoutside
[2017/12/26 - 21:51:42] Wayne_Jackson has changed DoorID: 3's customoutside
[2017/12/26 - 21:51:44] Wayne_Jackson has changed DoorID: 3's custominterior
