[2016/6/15 - 21:12:28] Wayne_Jackson withdraw a desert eagle from the locker
[2016/6/15 - 21:12:31] Wayne_Jackson withdraw a shotgun from the locker
[2016/6/15 - 21:12:33] Wayne_Jackson withdraw a mp5 from the locker
[2016/6/16 - 18:18:19] Wayne_Jackson withdraw a desert eagle from the locker
[2016/6/16 - 18:27:5] Wayne_Jackson withdraw a m4 from the locker
[2016/6/17 - 21:50:37] Wayne_Jackson withdraw a mp5 from the locker
[2016/6/17 - 21:58:31] Wayne_Jackson withdraw a shotgun from the locker
[2016/6/17 - 21:58:41] Wayne_Jackson withdraw a nightstick from the locker
[2016/6/17 - 21:58:50] Wayne_Jackson withdraw a desert eagle from the locker
[2016/6/17 - 21:58:58] Wayne_Jackson withdraw a sniper from the locker
[2016/6/17 - 22:0:28] Wayne_Jackson withdraw a shotgun from the locker
[2016/6/17 - 22:8:23] Wayne_Jackson withdraw a desert eagle from the locker
[2016/6/17 - 22:15:24] Wayne_Jackson withdraw a desert eagle from the locker
[2016/6/17 - 22:20:47] Wayne_Jackson withdraw a shotgun from the locker
[2016/6/18 - 10:6:8] Wayne_Jackson withdraw a desert eagle from the locker
[2016/6/18 - 10:59:46] Wayne_Jackson withdraw a shotgun from the locker
[2016/6/18 - 10:59:48] Wayne_Jackson withdraw a m4 from the locker
[2016/6/19 - 22:24:22] Wayne_Jackson withdraw a desert eagle from the locker
[2016/6/20 - 17:55:37] Wayne_Jackson withdraw a shotgun from the locker
[2016/6/20 - 18:10:52] Wayne_Jackson withdraw a nightstick from the locker
[2016/6/20 - 18:10:54] Wayne_Jackson withdraw a desert eagle from the locker
[2016/6/20 - 18:10:55] Wayne_Jackson withdraw a desert eagle from the locker
[2016/6/20 - 18:10:58] Wayne_Jackson withdraw a shotgun from the locker
[2016/6/20 - 18:10:59] Wayne_Jackson withdraw a mp5 from the locker
[2016/6/20 - 18:11:1] Wayne_Jackson withdraw a m4 from the locker
[2016/6/23 - 22:17:55] Wayne_Jackson withdraw a shotgun from the locker
[2016/6/26 - 14:30:32] Wayne_Jackson withdraw a mp5 from the locker
[2017/5/31 - 20:15:47] Wayne_Jackson withdraw a desert eagle from the locker
[2017/8/13 - 11:36:33] Wayne_Jackson withdraw a desert eagle from the locker
[2017/8/13 - 11:36:37] Wayne_Jackson withdraw a mp5 from the locker
[2017/9/9 - 20:19:47] Wayne_Jackson withdraw a desert eagle from the locker
[2017/12/23 - 21:5:14] Wayne_Jackson withdraw a desert eagle from the locker
[2024/2/26 - 15:8:28] Wayne_Jackson withdraw a desert eagle from the locker
