[2016/6/15 - 20:33:11] Wayne_Jackson has set Wayne_Jackson weed to 10
[2016/6/15 - 21:13:11] Wayne_Jackson has set BusDriver2 crack to 50
[2016/6/15 - 21:13:16] Wayne_Jackson has set Wayne_Jackson crack to 50
[2016/6/17 - 21:35:36] Wayne_Jackson has set Wayne_Jackson money to 50000
[2016/6/18 - 10:52:2] Wayne_Jackson has set Wayne_Jackson money to 500
[2016/6/18 - 23:46:5] Wayne_Jackson has set Wayne_Jackson meth to 100
[2016/6/18 - 23:49:18] Wayne_Jackson has set Wayne_Jackson meth to 150
[2016/6/18 - 23:55:20] Wayne_Jackson has set Wayne_Jackson cocaine to 150
[2016/6/19 - 0:0:34] Wayne_Jackson has set Wayne_Jackson meth to 150
[2016/6/19 - 0:3:15] Wayne_Jackson has set Wayne_Jackson meth to 150
[2016/6/19 - 0:4:13] Wayne_Jackson has set Wayne_Jackson money to 1000000000
[2016/6/19 - 0:6:8] Wayne_Jackson has set Wayne_Jackson meth to 150
[2016/6/19 - 0:12:31] Wayne_Jackson has set Wayne_Jackson meth to 150
[2016/6/19 - 0:16:4] Wayne_Jackson has set Wayne_Jackson meth to 150
[2016/6/19 - 19:39:45] Wayne_Jackson has set Wayne_Jackson meth to 0
[2016/6/19 - 20:45:49] Wayne_Jackson has set Wayne_Jackson money to 1000000000
[2016/6/19 - 20:47:22] Wayne_Jackson has set Wayne_Jackson meth to 100
[2016/6/19 - 21:0:19] Wayne_Jackson has set Wayne_Jackson weed to 1
[2016/6/19 - 21:21:42] Wayne_Jackson has set Wayne_Jackson weed to 10
[2016/6/19 - 21:26:38] Wayne_Jackson has set Wayne_Jackson weed to 10
[2016/6/19 - 21:28:21] Wayne_Jackson has set Wayne_Jackson weed to 10
[2016/6/19 - 21:29:28] Wayne_Jackson has set BusDriver2 weed to 10
[2016/6/19 - 21:29:31] Wayne_Jackson has set Wayne_Jackson weed to 10
[2016/6/19 - 21:36:22] Wayne_Jackson has set Wayne_Jackson meth to 100
[2016/6/19 - 21:36:51] Wayne_Jackson has set BusDriver2 meth to 150
[2016/6/19 - 21:36:52] Wayne_Jackson has set BusDriver2 meth to 150
[2016/6/19 - 21:36:52] Wayne_Jackson has set BusDriver2 meth to 150
[2016/6/19 - 21:36:55] Wayne_Jackson has set Wayne_Jackson meth to 150
[2016/6/19 - 21:55:31] Wayne_Jackson has set Wayne_Jackson weed to 10
[2016/6/19 - 22:11:45] Wayne_Jackson has set BusDriver2 weed to 100
[2016/6/19 - 22:11:49] Wayne_Jackson has set Wayne_Jackson weed to 10
[2016/6/19 - 22:22:44] Wayne_Jackson has set Wayne_Jackson weed to 10
[2016/6/19 - 22:27:18] Wayne_Jackson has set Wayne_Jackson weed to 10
[2016/6/20 - 17:45:28] Wayne_Jackson has set Wayne_Jackson weed to 10
[2016/6/20 - 17:48:9] Wayne_Jackson has set Wayne_Jackson weed to 10
[2016/6/20 - 17:53:52] Wayne_Jackson has set Wayne_Jackson weed to 10
[2016/6/20 - 17:55:0] Wayne_Jackson has set Wayne_Jackson weed to 10
[2016/6/20 - 18:7:38] Wayne_Jackson has set Wayne_Jackson weed to 10
[2016/6/20 - 18:10:21] Wayne_Jackson has set Wayne_Jackson weed to 10
[2016/6/20 - 18:12:31] Wayne_Jackson has set Wayne_Jackson weed to 10
[2016/6/20 - 18:40:11] Wayne_Jackson has set Wayne_Jackson weed to 10
[2016/6/20 - 18:46:58] Wayne_Jackson has set Wayne_Jackson weed to 10
[2016/6/20 - 18:55:18] Wayne_Jackson has set Wayne_Jackson weed to 100
[2016/6/20 - 19:2:58] Wayne_Jackson has set Wayne_Jackson meth to 10
[2016/6/20 - 19:11:50] Wayne_Jackson has set Wayne_Jackson weed to 100
[2016/6/20 - 19:54:12] Wayne_Jackson has set Wayne_Jackson meth to 0
[2016/6/20 - 20:21:40] Wayne_Jackson has set Wayne_Jackson MONEY to 100000000
[2016/6/22 - 17:35:28] Wayne_Jackson has set Wayne_Jackson money to 500000
[2016/6/23 - 22:18:49] Wayne_Jackson has set Wayne_Jackson drivelic to 1
[2016/6/23 - 22:19:7] Wayne_Jackson has set Wayne_Jackson level to 8
[2016/6/25 - 22:0:24] Wayne_Jackson has set  2 to 10
[2016/6/25 - 22:0:31] Wayne_Jackson has set Wayne_Jackson money to 10
[2016/6/25 - 22:0:34] Wayne_Jackson has set Wayne_Jackson money to 0
[2016/6/25 - 22:0:36] Wayne_Jackson has set Wayne_Jackson money to 130
[2017/5/31 - 20:16:8] Wayne_Jackson has set Wayne_Jackson gender to 1
[2017/5/31 - 20:17:2] Wayne_Jackson has set Wayne_Jackson money to -1530494977
[2017/5/31 - 20:17:5] Wayne_Jackson has set Wayne_Jackson money to 1316134911
[2017/5/31 - 20:17:12] Wayne_Jackson has set Wayne_Jackson money to 1316134911
[2017/5/31 - 20:18:40] Wayne_Jackson has set Wayne_Jackson money to 9999
[2017/5/31 - 20:18:46] Wayne_Jackson has set Wayne_Jackson money to 9999
[2017/5/31 - 20:18:50] Wayne_Jackson has set Wayne_Jackson money to 9999999
[2017/5/31 - 20:18:52] Wayne_Jackson has set Wayne_Jackson money to 9999999
[2017/5/31 - 20:18:54] Wayne_Jackson has set Wayne_Jackson money to 9999999
[2017/5/31 - 20:18:56] Wayne_Jackson has set Wayne_Jackson money to 99999
[2017/5/31 - 20:20:45] Wayne_Jackson has set Wayne_Jackson drivelic to 1
[2017/5/31 - 20:21:32] Wayne_Jackson has set Wayne_Jackson level to 100
[2017/8/13 - 11:39:35] Wayne_Jackson has set Wayne_Jackson weed to 100
[2017/9/10 - 16:35:35] Wayne_Jackson has set Wayne_Jackson age to 25
